\BOOKMARK [1][-]{section.1}{\376\377\000M\000o\000t\000i\000v\000a\000t\000i\000o\000n}{}% 1
\BOOKMARK [2][-]{subsection.1.1}{\376\377\000V\000o\000l\000a\000t\000i\000l\000i\000t\000y\000\040\000o\000f\000\040\000s\000e\000n\000s\000o\000r\000y\000\040\000c\000o\000n\000t\000i\000n\000g\000e\000n\000c\000i\000e\000s\000\040\000a\000n\000d\000\040\000t\000h\000e\000\040\000a\000d\000a\000p\000t\000a\000t\000i\000o\000n\000\040\000o\000f\000\040\000c\000o\000g\000n\000i\000t\000i\000v\000e\000\040\000s\000y\000s\000t\000e\000m\000s}{section.1}% 2
\BOOKMARK [2][-]{subsection.1.2}{\376\377\000A\000n\000t\000i\000c\000i\000p\000a\000t\000o\000r\000y\000\040\000S\000m\000o\000o\000t\000h\000\040\000P\000u\000r\000s\000u\000i\000t\000\040\000E\000y\000e\000\040\000M\000o\000v\000e\000m\000e\000n\000t\000s\000\040\000\050\000a\000S\000P\000E\000M\000\051}{section.1}% 3
\BOOKMARK [2][-]{subsection.1.3}{\376\377\000C\000o\000n\000t\000r\000i\000b\000u\000t\000i\000o\000n\000s}{section.1}% 4
\BOOKMARK [1][-]{section.2}{\376\377\000R\000e\000s\000u\000l\000t\000s\000:\000\040\000B\000i\000n\000a\000r\000y\000\040\000B\000a\000y\000e\000s\000i\000a\000n\000\040\000C\000h\000a\000n\000g\000e\000\040\000P\000o\000i\000n\000t\000\040\000\050\000B\000B\000C\000P\000\051\000\040\000d\000e\000t\000e\000c\000t\000i\000o\000n\000\040\000m\000o\000d\000e\000l}{}% 5
\BOOKMARK [2][-]{subsection.2.1}{\376\377\000F\000o\000r\000g\000e\000t\000f\000u\000l\000\040\000a\000g\000e\000n\000t\000\040\000m\000o\000d\000e\000l\000\040\000\050\000L\000e\000a\000k\000y\000\040\000i\000n\000t\000e\000g\000r\000a\000t\000o\000r\000\051}{section.2}% 6
\BOOKMARK [2][-]{subsection.2.2}{\376\377\000B\000i\000n\000a\000r\000y\000\040\000B\000a\000y\000e\000s\000i\000a\000n\000\040\000C\000h\000a\000n\000g\000e\000\040\000P\000o\000i\000n\000t\000\040\000\050\000B\000B\000C\000P\000\051\000\040\000d\000e\000t\000e\000c\000t\000i\000o\000n\000\040\000m\000o\000d\000e\000l}{section.2}% 7
\BOOKMARK [2][-]{subsection.2.3}{\376\377\000Q\000u\000a\000n\000t\000i\000t\000a\000t\000i\000v\000e\000\040\000a\000n\000a\000l\000y\000s\000i\000s\000\040\000o\000f\000\040\000t\000h\000e\000\040\000B\000i\000n\000a\000r\000y\000\040\000B\000a\000y\000e\000s\000i\000a\000n\000\040\000C\000h\000a\000n\000g\000e\000\040\000P\000o\000i\000n\000t\000\040\000d\000e\000t\000e\000c\000t\000i\000o\000n\000\040\000a\000l\000g\000o\000r\000i\000t\000h\000m}{section.2}% 8
\BOOKMARK [1][-]{section.3}{\376\377\000R\000e\000s\000u\000l\000t\000s\000:\000\040\000A\000n\000t\000i\000c\000i\000p\000a\000t\000o\000r\000y\000\040\000e\000y\000e\000\040\000m\000o\000v\000e\000m\000e\000n\000t\000s\000\040\000a\000n\000d\000\040\000e\000x\000p\000l\000i\000c\000i\000t\000\040\000r\000a\000t\000i\000n\000g\000s}{}% 9
\BOOKMARK [1][-]{section.4}{\376\377\000R\000e\000s\000u\000l\000t\000s\000:\000\040\000A\000n\000a\000l\000y\000z\000i\000n\000g\000\040\000i\000n\000t\000e\000r\000-\000i\000n\000d\000i\000v\000i\000d\000u\000a\000l\000\040\000d\000i\000f\000f\000e\000r\000e\000n\000c\000e\000s}{}% 10
\BOOKMARK [1][-]{section.5}{\376\377\000D\000i\000s\000c\000u\000s\000s\000i\000o\000n}{}% 11
\BOOKMARK [2][-]{subsection.5.1}{\376\377\000D\000i\000f\000f\000e\000r\000e\000n\000t\000\040\000m\000e\000a\000s\000u\000r\000e\000s\000\040\000o\000f\000\040\000a\000d\000a\000p\000t\000a\000t\000i\000o\000n\000\040\000t\000o\000\040\000a\000\040\000p\000r\000o\000b\000a\000b\000i\000l\000i\000s\000t\000i\000c\000\040\000v\000o\000l\000a\000t\000i\000l\000e\000\040\000e\000n\000v\000i\000r\000o\000n\000m\000e\000n\000t}{section.5}% 12
\BOOKMARK [2][-]{subsection.5.2}{\376\377\000H\000i\000e\000r\000a\000r\000c\000h\000i\000c\000a\000l\000\040\000B\000a\000y\000e\000s\000i\000a\000n\000\040\000i\000n\000f\000e\000r\000e\000n\000c\000e\000\040\000i\000n\000\040\000t\000h\000e\000\040\000b\000r\000a\000i\000n}{section.5}% 13
\BOOKMARK [2][-]{subsection.5.3}{\376\377\000N\000o\000n\000-\000l\000i\000n\000e\000a\000r\000i\000t\000i\000e\000s\000\040\000i\000n\000\040\000t\000h\000e\000\040\000a\000d\000a\000p\000t\000a\000t\000i\000o\000n\000\040\000t\000o\000\040\000p\000r\000o\000b\000a\000b\000i\000l\000i\000s\000t\000i\000c\000\040\000e\000n\000v\000i\000r\000o\000n\000m\000e\000n\000t\000s}{section.5}% 14
\BOOKMARK [1][-]{section.6}{\376\377\000C\000o\000n\000c\000l\000u\000s\000i\000o\000n\000s}{}% 15
\BOOKMARK [1][-]{section.7}{\376\377\000M\000a\000t\000e\000r\000i\000a\000l\000\040\000a\000n\000d\000\040\000M\000e\000t\000h\000o\000d\000s}{}% 16
\BOOKMARK [2][-]{subsection.7.1}{\376\377\000P\000a\000r\000t\000i\000c\000i\000p\000a\000n\000t\000s\000,\000\040\000v\000i\000s\000u\000a\000l\000\040\000s\000t\000i\000m\000u\000l\000i\000\040\000a\000n\000d\000\040\000e\000x\000p\000e\000r\000i\000m\000e\000n\000t\000a\000l\000\040\000d\000e\000s\000i\000g\000n}{section.7}% 17
\BOOKMARK [2][-]{subsection.7.2}{\376\377\000E\000y\000e\000\040\000m\000o\000v\000e\000m\000e\000n\000t\000s\000\040\000e\000x\000p\000e\000r\000i\000m\000e\000n\000t}{section.7}% 18
\BOOKMARK [2][-]{subsection.7.3}{\376\377\000T\000h\000e\000\040\000B\000e\000t\000\040\000e\000x\000p\000e\000r\000i\000m\000e\000n\000t}{section.7}% 19
\BOOKMARK [1][-]{section.8}{\376\377\000S\000u\000p\000p\000o\000r\000t\000i\000n\000g\000\040\000i\000n\000f\000o\000r\000m\000a\000t\000i\000o\000n}{}% 20
\BOOKMARK [2][-]{subsection.8.1}{\376\377\000A\000p\000p\000e\000n\000d\000i\000x\000\040\000:\000\040\000l\000e\000a\000k\000y\000\040\000i\000n\000t\000e\000g\000r\000a\000t\000o\000r}{section.8}% 21
\BOOKMARK [2][-]{subsection.8.2}{\376\377\000T\000h\000e\000\040\000B\000e\000r\000n\000o\000u\000l\000l\000i\000,\000\040\000b\000i\000n\000o\000m\000i\000a\000l\000\040\000a\000n\000d\000\040\000B\000e\000t\000a\000\040\000d\000i\000s\000t\000r\000i\000b\000u\000t\000i\000o\000n\000s}{section.8}% 22
\BOOKMARK [2][-]{subsection.8.3}{\376\377\000A\000p\000p\000e\000n\000d\000i\000x\000\040\0002\000:\000\040\000B\000B\000C\000P\000\040\000a\000l\000g\000o\000r\000i\000t\000h\000m}{section.8}% 23
\BOOKMARK [3][-]{subsubsection.8.3.1}{\376\377\000I\000n\000i\000t\000i\000a\000l\000i\000z\000a\000t\000i\000o\000n}{subsection.8.3}% 24
\BOOKMARK [3][-]{subsubsection.8.3.2}{\376\377\000P\000r\000e\000d\000i\000c\000t\000i\000o\000n\000:\000\040\000r\000u\000n\000-\000l\000e\000n\000g\000t\000h\000\040\000d\000i\000s\000t\000r\000i\000b\000u\000t\000i\000o\000n}{subsection.8.3}% 25
\BOOKMARK [3][-]{subsubsection.8.3.3}{\376\377\000P\000r\000e\000d\000i\000c\000t\000i\000o\000n\000:\000\040\000s\000u\000f\000f\000i\000c\000i\000e\000n\000t\000\040\000s\000t\000a\000t\000i\000s\000t\000i\000c\000s}{subsection.8.3}% 26
\BOOKMARK [3][-]{subsubsection.8.3.4}{\376\377\000Q\000u\000a\000n\000t\000i\000t\000a\000t\000i\000v\000e\000\040\000e\000v\000a\000l\000u\000a\000t\000i\000o\000n}{subsection.8.3}% 27
\BOOKMARK [2][-]{subsection.8.4}{\376\377\000A\000p\000p\000e\000n\000d\000i\000x\000:\000\040\000l\000i\000k\000e\000l\000i\000h\000o\000o\000d\000\040\000f\000u\000n\000c\000t\000i\000o\000n}{section.8}% 28
\BOOKMARK [3][-]{subsubsection.8.4.1}{\376\377\000M\000a\000t\000h\000e\000m\000a\000t\000i\000c\000a\000l\000\040\000d\000e\000r\000i\000v\000a\000t\000i\000o\000n}{subsection.8.4}% 29
\BOOKMARK [3][-]{subsubsection.8.4.2}{\376\377\000P\000y\000t\000h\000o\000n\000\040\000c\000o\000d\000e}{subsection.8.4}% 30
\BOOKMARK [3][-]{subsubsection.8.4.3}{\376\377\000P\000r\000o\000p\000e\000r\000t\000i\000e\000s}{subsection.8.4}% 31
